<?xml version="1.0" encoding="UTF-8"?>
<!-- Generated by org.testng.reporters.JUnitReportReporter -->
<testsuite hostname="MacBook-Pro-2.local" name="com.script.SimpleParameter" tests="1" failures="0" timestamp="22 Sep 2016 05:39:09 GMT" time="20.021" errors="0">
  <testcase name="launchBrowser" time="20.021" classname="com.script.SimpleParameter"/>
</testsuite> <!-- com.script.SimpleParameter -->
